<?xml version="1.0" encoding="UTF-8"?>
<!-- Generated by org.testng.reporters.JUnitXMLReporter -->
<testsuite hostname="DESKTOP-KRLAL0I" ignored="3" tests="0" failures="0" timestamp="08 Jan 2019 09:39:00 GMT" time="0.025" errors="0">
  <testcase name="amazon" time="0.0" classname="com.project.Ecommerce.TC_004">
    <ignored/>
  </testcase> <!-- amazon -->
  <testcase name="linktesting1" time="0.0" classname="com.project.Ecommerce.LinksTesting1">
    <ignored/>
  </testcase> <!-- linktesting1 -->
  <testcase name="checkboxTest" time="0.0" classname="com.project.Ecommerce.CheckBox1">
    <ignored/>
  </testcase> <!-- checkboxTest -->
</testsuite>
