<?xml version="1.0" encoding="UTF-8"?>
<!-- Generated by org.testng.reporters.JUnitXMLReporter -->
<testsuite hostname="DESKTOP-KRLAL0I" ignored="0" name="ieTest" tests="3" failures="1" timestamp="18 Dec 2018 11:59:49 GMT" time="27.185" errors="0">
  <testcase name="amazon" time="5.586" classname="com.project.Ecommerce.TC_004"/>
  <testcase name="linktesting1" time="1.551" classname="com.project.Ecommerce.LinksTesting1">
    <failure type="java.lang.AssertionError" message="expected [Google Images] but found [Google]">
      <![CDATA[java.lang.AssertionError: expected [Google Images] but found [Google]
at com.project.Ecommerce.LinksTesting1.linktesting1(LinksTesting1.java:33)
at java.util.concurrent.FutureTask.run(FutureTask.java:266)
at java.util.concurrent.ThreadPoolExecutor.runWorker(ThreadPoolExecutor.java:1149)
at java.util.concurrent.ThreadPoolExecutor$Worker.run(ThreadPoolExecutor.java:624)
at java.lang.Thread.run(Thread.java:748)
... Removed 22 stack frames]]>
    </failure>
  </testcase> <!-- linktesting1 -->
  <testcase name="checkboxTest" time="0.7" classname="com.project.Ecommerce.CheckBox1"/>
</testsuite> <!-- ieTest -->
