<?xml version="1.0" encoding="UTF-8"?>
<!-- Generated by org.testng.reporters.JUnitXMLReporter -->
<testsuite hostname="DESKTOP-KRLAL0I" ignored="0" name="SmokeTest" tests="3" failures="0" timestamp="18 Dec 2018 11:38:09 GMT" time="116.283" errors="0">
  <testcase name="amazon" time="2.436" classname="com.project.Ecommerce.TC_004"/>
  <testcase name="linktesting1" time="2.267" classname="com.project.Ecommerce.LinksTesting1"/>
  <testcase name="checkboxTest" time="0.208" classname="com.project.Ecommerce.CheckBox1"/>
</testsuite> <!-- SmokeTest -->
