<?xml version="1.0" encoding="UTF-8"?>
<!-- Generated by org.testng.reporters.JUnitXMLReporter -->
<testsuite hostname="DESKTOP-KRLAL0I" ignored="0" name="ChromeTest" tests="3" failures="0" timestamp="08 Jan 2019 09:43:03 GMT" time="37.184" errors="0">
  <testcase name="checkboxTest" time="0.169" classname="com.project.Finance2.CheckBox1"/>
  <testcase name="radioButton1" time="0.192" classname="com.project.Finance2.RadioButton1"/>
  <testcase name="linktesting1" time="1.405" classname="com.project.Finance2.LinksTesting1"/>
</testsuite> <!-- ChromeTest -->
