<?xml version="1.0" encoding="UTF-8"?>
<!-- Generated by org.testng.reporters.JUnitXMLReporter -->
<testsuite hostname="DESKTOP-KRLAL0I" ignored="1" name="SmokeTest" tests="5" failures="0" timestamp="03 Jan 2019 09:58:21 GMT" time="38.398" errors="0">
  <testcase name="checkboxTest" time="0.17" classname="com.project.Finance2.CheckBox1"/>
  <testcase name="checkboxTest" time="0.263" classname="com.project.Finance2.RadioButton1"/>
  <testcase name="linktesting1" time="1.334" classname="com.project.Finance2.LinksTesting1"/>
  <testcase name="f" time="0.002" classname="com.project.Finance2.NewTest"/>
  <testcase name="a" time="0.001" classname="com.project.Finance2.NewTest"/>
  <testcase name="y" time="0.0" classname="com.project.Finance2.NewTest">
    <ignored/>
  </testcase> <!-- y -->
</testsuite> <!-- SmokeTest -->
