<?xml version="1.0" encoding="UTF-8"?>
<testng-results skipped="0" failed="0" ignored="0" total="0" passed="0">
  <reporter-output>
  </reporter-output>
  <suite name="com.project.Finance.AppTest" duration-ms="11" started-at="2018-12-28T09:23:23Z" finished-at="2018-12-28T09:23:23Z">
    <groups>
    </groups>
    <test name="Command line test" duration-ms="11" started-at="2018-12-28T09:23:23Z" finished-at="2018-12-28T09:23:23Z">
    </test> <!-- Command line test -->
  </suite> <!-- com.project.Finance.AppTest -->
</testng-results>
